<?xml version="1.0" encoding="UTF-8"?>
<!-- Generated by org.testng.reporters.JUnitReportReporter -->
<testsuite hostname="LAPTOP-F1JLMS6E" failures="0" tests="1" name="dummy.Testcase2" time="0.001" errors="0" timestamp="2023-06-03T17:42:07 IST" skipped="0">
  <testcase classname="dummy.Testcase2" name="m2" time="0.001"/>
  <system-out>
    <![CDATA[m2 is excetuded]]>
  </system-out>
</testsuite> <!-- dummy.Testcase2 -->
