<?xml version="1.0" encoding="UTF-8"?>
<!-- Generated by org.testng.reporters.JUnitReportReporter -->
<testsuite hostname="LAPTOP-F1JLMS6E" failures="0" tests="1" name="dummy.Testcase1" time="0.009" errors="0" timestamp="2023-06-03T17:42:07 IST" skipped="0">
  <testcase classname="dummy.Testcase1" name="m1" time="0.009"/>
  <system-out>
    <![CDATA[m1 is excetuded]]>
  </system-out>
</testsuite> <!-- dummy.Testcase1 -->
